Arguments: 
  C:\Program Files\nodejs\node.exe C:\Users\andel\AppData\Roaming\npm\node_modules\yarn\bin\yarn.js add taiwind tailwindcss-cli postcss autoprefixer @fullhuman/postcss-purgecss -D

PATH: 
  C:\Python310\Scripts\;C:\Python310\;C:\Program Files\Common Files\Oracle\Java\javapath;C:\Python39\Scripts\;C:\Python39\;C:\Windows\system32;C:\Windows;C:\Windows\System32\Wbem;C:\Windows\System32\WindowsPowerShell\v1.0\;C:\Windows\System32\OpenSSH\;C:\Program Files\Microsoft VS Code\bin;C:\Program Files\Git\cmd;C:\ProgramData\chocolatey\bin;C:\Program Files\Docker\Docker\resources\bin;C:\ProgramData\DockerDesktop\version-bin;C:\Program Files\Inkscape\bin;C:\Program Files\Java\jdk-16.0.2\bin;C:\Program Files (x86)\Microsoft Group Policy\Windows 10 November 2019 Update (1909)\PolicyDefinitions\;E:\Android_SDK;C:\Program Files\OpenJDK\openjdk-8u302-b08\bin;E:\Android_SDK\platform-tools;E:\Android_SDK\ndk\23.0.7599858;C:\Program Files\heroku\bin;E:\Web Development\DocGen;E:\Web Development\DocGen;C:\Program Files\MongoDB\Server\5.0\bin;C:\Program Files\PostgreSQL\14\bin;C:\Users\andel\AppData\Roaming\npm;C:\Program Files\nodejs;C:\Users\andel\AppData\Local\Microsoft\WindowsApps;C:\Users\andel\AppData\Local\GitHubDesktop\bin;C:\Exercism;C:\Users\andel\AppData\Local\atom\bin;C:\tools\dart-sdk\bin;C:\Users\andel\AppData\Roaming\Pub\Cache\bin;E:\Android_SDK\platform-tools;C:\Program Files\heroku\bin;E:\Web Development\DocGen;C:\Users\andel\AppData\Roaming\npm;C:\Program Files\nodejs;

Yarn version: 
  1.22.11

Node version: 
  16.13.0

Platform: 
  win32 x64

Trace: 
  Error: https://registry.yarnpkg.com/taiwind: Not found
      at Request.params.callback [as _callback] (C:\Users\andel\AppData\Roaming\npm\node_modules\yarn\lib\cli.js:66992:18)
      at Request.self.callback (C:\Users\andel\AppData\Roaming\npm\node_modules\yarn\lib\cli.js:140763:22)
      at Request.emit (node:events:390:28)
      at Request.<anonymous> (C:\Users\andel\AppData\Roaming\npm\node_modules\yarn\lib\cli.js:141735:10)
      at Request.emit (node:events:390:28)
      at IncomingMessage.<anonymous> (C:\Users\andel\AppData\Roaming\npm\node_modules\yarn\lib\cli.js:141657:12)
      at Object.onceWrapper (node:events:509:28)
      at IncomingMessage.emit (node:events:402:35)
      at endReadableNT (node:internal/streams/readable:1343:12)
      at processTicksAndRejections (node:internal/process/task_queues:83:21)

npm manifest: 
  {
    "name": "ping-coming-soon",
    "version": "1.0.0",
    "main": "index.js",
    "author": "Elroy Toscano",
    "license": "MIT"
  }

yarn manifest: 
  No manifest

Lockfile: 
  No lockfile
